# JRE version: OpenJDK Runtime Environment GraalVM CE 22.3.0 (17.0.5+8) (build 17.0.5+8-jvmci-22.3-b08)
# Java VM: OpenJDK 64-Bit Server VM GraalVM CE 22.3.0 (17.0.5+8-jvmci-22.3-b08, mixed mode, sharing, tiered, jvmci, jvmci compiler, compressed oops, compressed class ptrs, parallel gc, linux-amd64)
GC Precious Log:
 CPUs: 8 total, 1 available
 Memory: 1024M
 Large Page Support: Disabled
 NUMA Support: Disabled
 Compressed Oops: Enabled (32-bit)
 Alignments: Space 512K, Generation 512K, Heap 2M
 Heap Min Capacity: 100M
 Heap Initial Capacity: 100M
 Heap Max Capacity: 512M
 Pre-touch: Disabled
 Parallel Workers: 1
Heap:
 PSYoungGen      total 42496K, used 33791K [0x00000000f5580000, 0x00000000f9280000, 0x0000000100000000)
  eden space 33792K, 99% used [0x00000000f5580000,0x00000000f767fff8,0x00000000f7680000)
  from space 8704K, 0% used [0x00000000f8a00000,0x00000000f8a00000,0x00000000f9280000)
  to   space 13312K, 0% used [0x00000000f7a80000,0x00000000f7a80000,0x00000000f8780000)
 ParOldGen       total 349696K, used 349695K [0x00000000e0000000, 0x00000000f5580000, 0x00000000f5580000)
  object space 349696K, 99% used [0x00000000e0000000,0x00000000f557ff08,0x00000000f5580000)
 Metaspace       used 46281K, committed 47104K, reserved 1097728K
  class space    used 4519K, committed 4864K, reserved 1048576K
GC Heap History (20 events):
Event: 532.880 GC heap before
{Heap before GC invocations=401 (full 316):
 PSYoungGen      total 42496K, used 33791K [0x00000000f5580000, 0x00000000f9280000, 0x0000000100000000)
  eden space 33792K, 99% used [0x00000000f5580000,0x00000000f767fff8,0x00000000f7680000)
  from space 8704K, 0% used [0x00000000f8a00000,0x00000000f8a00000,0x00000000f9280000)
  to   space 13312K, 0% used [0x00000000f7a80000,0x00000000f7a80000,0x00000000f8780000)
 ParOldGen       total 349696K, used 349690K [0x00000000e0000000, 0x00000000f5580000, 0x00000000f5580000)
  object space 349696K, 99% used [0x00000000e0000000,0x00000000f557eaf8,0x00000000f5580000)
 Metaspace       used 46281K, committed 47104K, reserved 1097728K
  class space    used 4519K, committed 4864K, reserved 1048576K
}
Event: 534.449 GC heap after
{Heap after GC invocations=401 (full 316):
 PSYoungGen      total 47104K, used 33791K [0x00000000f5580000, 0x00000000f9280000, 0x0000000100000000)
  eden space 33792K, 99% used [0x00000000f5580000,0x00000000f767fff8,0x00000000f7680000)
  from space 13312K, 0% used [0x00000000f7a80000,0x00000000f7a80000,0x00000000f8780000)
  to   space 8704K, 0% used [0x00000000f8a00000,0x00000000f8a00000,0x00000000f9280000)
 ParOldGen       total 349696K, used 349690K [0x00000000e0000000, 0x00000000f5580000, 0x00000000f5580000)
  object space 349696K, 99% used [0x00000000e0000000,0x00000000f557e8e8,0x00000000f5580000)
 Metaspace       used 46281K, committed 47104K, reserved 1097728K
  class space    used 4519K, committed 4864K, reserved 1048576K
}
Event: 534.450 GC heap before
{Heap before GC invocations=402 (full 317):
 PSYoungGen      total 47104K, used 33791K [0x00000000f5580000, 0x00000000f9280000, 0x0000000100000000)
  eden space 33792K, 99% used [0x00000000f5580000,0x00000000f767fff8,0x00000000f7680000)
  from space 13312K, 0% used [0x00000000f7a80000,0x00000000f7a80000,0x00000000f8780000)
  to   space 8704K, 0% used [0x00000000f8a00000,0x00000000f8a00000,0x00000000f9280000)
 ParOldGen       total 349696K, used 349692K [0x00000000e0000000, 0x00000000f5580000, 0x00000000f5580000)
  object space 349696K, 99% used [0x00000000e0000000,0x00000000f557f0e8,0x00000000f5580000)
 Metaspace       used 46281K, committed 47104K, reserved 1097728K
  class space    used 4519K, committed 4864K, reserved 1048576K
}
Event: 535.879 GC heap after
{Heap after GC invocations=402 (full 317):
 PSYoungGen      total 42496K, used 33791K [0x00000000f5580000, 0x00000000f9280000, 0x0000000100000000)
  eden space 33792K, 99% used [0x00000000f5580000,0x00000000f767fff8,0x00000000f7680000)
  from space 8704K, 0% used [0x00000000f8a00000,0x00000000f8a00000,0x00000000f9280000)
  to   space 13312K, 0% used [0x00000000f7a80000,0x00000000f7a80000,0x00000000f8780000)
 ParOldGen       total 349696K, used 349692K [0x00000000e0000000, 0x00000000f5580000, 0x00000000f5580000)
  object space 349696K, 99% used [0x00000000e0000000,0x00000000f557f0e8,0x00000000f5580000)
 Metaspace       used 46281K, committed 47104K, reserved 1097728K
  class space    used 4519K, committed 4864K, reserved 1048576K
}
Event: 535.879 GC heap before
{Heap before GC invocations=403 (full 318):
 PSYoungGen      total 42496K, used 33791K [0x00000000f5580000, 0x00000000f9280000, 0x0000000100000000)
  eden space 33792K, 99% used [0x00000000f5580000,0x00000000f767fff8,0x00000000f7680000)
  from space 8704K, 0% used [0x00000000f8a00000,0x00000000f8a00000,0x00000000f9280000)
  to   space 13312K, 0% used [0x00000000f7a80000,0x00000000f7a80000,0x00000000f8780000)
 ParOldGen       total 349696K, used 349695K [0x00000000e0000000, 0x00000000f5580000, 0x00000000f5580000)
  object space 349696K, 99% used [0x00000000e0000000,0x00000000f557fff8,0x00000000f5580000)
 Metaspace       used 46281K, committed 47104K, reserved 1097728K
  class space    used 4519K, committed 4864K, reserved 1048576K
}
Event: 537.575 GC heap after
{Heap after GC invocations=403 (full 318):
 PSYoungGen      total 47104K, used 33791K [0x00000000f5580000, 0x00000000f9280000, 0x0000000100000000)
  eden space 33792K, 99% used [0x00000000f5580000,0x00000000f767fff8,0x00000000f7680000)
  from space 13312K, 0% used [0x00000000f7a80000,0x00000000f7a80000,0x00000000f8780000)
  to   space 8704K, 0% used [0x00000000f8a00000,0x00000000f8a00000,0x00000000f9280000)
 ParOldGen       total 349696K, used 349694K [0x00000000e0000000, 0x00000000f5580000, 0x00000000f5580000)
  object space 349696K, 99% used [0x00000000e0000000,0x00000000f557fbe8,0x00000000f5580000)
 Metaspace       used 46281K, committed 47104K, reserved 1097728K
  class space    used 4519K, committed 4864K, reserved 1048576K
}
Event: 537.576 GC heap before
{Heap before GC invocations=404 (full 319):
 PSYoungGen      total 47104K, used 33791K [0x00000000f5580000, 0x00000000f9280000, 0x0000000100000000)
  eden space 33792K, 99% used [0x00000000f5580000,0x00000000f767fff8,0x00000000f7680000)
  from space 13312K, 0% used [0x00000000f7a80000,0x00000000f7a80000,0x00000000f8780000)
  to   space 8704K, 0% used [0x00000000f8a00000,0x00000000f8a00000,0x00000000f9280000)
 ParOldGen       total 349696K, used 349695K [0x00000000e0000000, 0x00000000f5580000, 0x00000000f5580000)
  object space 349696K, 99% used [0x00000000e0000000,0x00000000f557fd08,0x00000000f5580000)
 Metaspace       used 46281K, committed 47104K, reserved 1097728K
  class space    used 4519K, committed 4864K, reserved 1048576K
}
Event: 538.904 GC heap after
{Heap after GC invocations=404 (full 319):
 PSYoungGen      total 42496K, used 33791K [0x00000000f5580000, 0x00000000f9280000, 0x0000000100000000)
  eden space 33792K, 99% used [0x00000000f5580000,0x00000000f767ff30,0x00000000f7680000)
  from space 8704K, 0% used [0x00000000f8a00000,0x00000000f8a00000,0x00000000f9280000)
  to   space 13312K, 0% used [0x00000000f7a80000,0x00000000f7a80000,0x00000000f8780000)
 ParOldGen       total 349696K, used 349695K [0x00000000e0000000, 0x00000000f5580000, 0x00000000f5580000)
  object space 349696K, 99% used [0x00000000e0000000,0x00000000f557fd08,0x00000000f5580000)
 Metaspace       used 46281K, committed 47104K, reserved 1097728K
  class space    used 4519K, committed 4864K, reserved 1048576K
}
Event: 538.909 GC heap before
{Heap before GC invocations=405 (full 320):
 PSYoungGen      total 42496K, used 33791K [0x00000000f5580000, 0x00000000f9280000, 0x0000000100000000)
  eden space 33792K, 99% used [0x00000000f5580000,0x00000000f767fff0,0x00000000f7680000)
  from space 8704K, 0% used [0x00000000f8a00000,0x00000000f8a00000,0x00000000f9280000)
  to   space 13312K, 0% used [0x00000000f7a80000,0x00000000f7a80000,0x00000000f8780000)
 ParOldGen       total 349696K, used 349695K [0x00000000e0000000, 0x00000000f5580000, 0x00000000f5580000)
  object space 349696K, 99% used [0x00000000e0000000,0x00000000f557fd08,0x00000000f5580000)
 Metaspace       used 46281K, committed 47104K, reserved 1097728K
  class space    used 4519K, committed 4864K, reserved 1048576K
}
Event: 540.607 GC heap after
{Heap after GC invocations=405 (full 320):
 PSYoungGen      total 47104K, used 33791K [0x00000000f5580000, 0x00000000f9280000, 0x0000000100000000)
  eden space 33792K, 99% used [0x00000000f5580000,0x00000000f767fff0,0x00000000f7680000)
  from space 13312K, 0% used [0x00000000f7a80000,0x00000000f7a80000,0x00000000f8780000)
  to   space 8704K, 0% used [0x00000000f8a00000,0x00000000f8a00000,0x00000000f9280000)
 ParOldGen       total 349696K, used 349695K [0x00000000e0000000, 0x00000000f5580000, 0x00000000f5580000)
  object space 349696K, 99% used [0x00000000e0000000,0x00000000f557fd08,0x00000000f5580000)
 Metaspace       used 46281K, committed 47104K, reserved 1097728K
  class space    used 4519K, committed 4864K, reserved 1048576K
}
Event: 540.610 GC heap before
{Heap before GC invocations=406 (full 321):
 PSYoungGen      total 47104K, used 33791K [0x00000000f5580000, 0x00000000f9280000, 0x0000000100000000)
  eden space 33792K, 99% used [0x00000000f5580000,0x00000000f767fff0,0x00000000f7680000)
  from space 13312K, 0% used [0x00000000f7a80000,0x00000000f7a80000,0x00000000f8780000)
  to   space 8704K, 0% used [0x00000000f8a00000,0x00000000f8a00000,0x00000000f9280000)
 ParOldGen       total 349696K, used 349695K [0x00000000e0000000, 0x00000000f5580000, 0x00000000f5580000)
  object space 349696K, 99% used [0x00000000e0000000,0x00000000f557ffe8,0x00000000f5580000)
 Metaspace       used 46281K, committed 47104K, reserved 1097728K
  class space    used 4519K, committed 4864K, reserved 1048576K
}
Event: 542.086 GC heap after
{Heap after GC invocations=406 (full 321):
 PSYoungGen      total 42496K, used 33791K [0x00000000f5580000, 0x00000000f9280000, 0x0000000100000000)
  eden space 33792K, 99% used [0x00000000f5580000,0x00000000f767fff0,0x00000000f7680000)
  from space 8704K, 0% used [0x00000000f8a00000,0x00000000f8a00000,0x00000000f9280000)
  to   space 13312K, 0% used [0x00000000f7a80000,0x00000000f7a80000,0x00000000f8780000)
 ParOldGen       total 349696K, used 349695K [0x00000000e0000000, 0x00000000f5580000, 0x00000000f5580000)
  object space 349696K, 99% used [0x00000000e0000000,0x00000000f557ffe8,0x00000000f5580000)
 Metaspace       used 46281K, committed 47104K, reserved 1097728K
  class space    used 4519K, committed 4864K, reserved 1048576K
}
Event: 542.086 GC heap before
{Heap before GC invocations=407 (full 322):
 PSYoungGen      total 42496K, used 33791K [0x00000000f5580000, 0x00000000f9280000, 0x0000000100000000)
  eden space 33792K, 99% used [0x00000000f5580000,0x00000000f767fff0,0x00000000f7680000)
  from space 8704K, 0% used [0x00000000f8a00000,0x00000000f8a00000,0x00000000f9280000)
  to   space 13312K, 0% used [0x00000000f7a80000,0x00000000f7a80000,0x00000000f8780000)
 ParOldGen       total 349696K, used 349695K [0x00000000e0000000, 0x00000000f5580000, 0x00000000f5580000)
  object space 349696K, 99% used [0x00000000e0000000,0x00000000f557ffe8,0x00000000f5580000)
 Metaspace       used 46281K, committed 47104K, reserved 1097728K
  class space    used 4519K, committed 4864K, reserved 1048576K
}
Event: 543.591 GC heap after
{Heap after GC invocations=407 (full 322):
 PSYoungGen      total 47104K, used 33791K [0x00000000f5580000, 0x00000000f9280000, 0x0000000100000000)
  eden space 33792K, 99% used [0x00000000f5580000,0x00000000f767fff0,0x00000000f7680000)
  from space 13312K, 0% used [0x00000000f7a80000,0x00000000f7a80000,0x00000000f8780000)
  to   space 8704K, 0% used [0x00000000f8a00000,0x00000000f8a00000,0x00000000f9280000)
 ParOldGen       total 349696K, used 349695K [0x00000000e0000000, 0x00000000f5580000, 0x00000000f5580000)
  object space 349696K, 99% used [0x00000000e0000000,0x00000000f557ffe8,0x00000000f5580000)
 Metaspace       used 46281K, committed 47104K, reserved 1097728K
  class space    used 4519K, committed 4864K, reserved 1048576K
}
Event: 543.592 GC heap before
{Heap before GC invocations=408 (full 323):
 PSYoungGen      total 47104K, used 33791K [0x00000000f5580000, 0x00000000f9280000, 0x0000000100000000)
  eden space 33792K, 99% used [0x00000000f5580000,0x00000000f767fff0,0x00000000f7680000)
  from space 13312K, 0% used [0x00000000f7a80000,0x00000000f7a80000,0x00000000f8780000)
  to   space 8704K, 0% used [0x00000000f8a00000,0x00000000f8a00000,0x00000000f9280000)
 ParOldGen       total 349696K, used 349695K [0x00000000e0000000, 0x00000000f5580000, 0x00000000f5580000)
  object space 349696K, 99% used [0x00000000e0000000,0x00000000f557ffe8,0x00000000f5580000)
 Metaspace       used 46281K, committed 47104K, reserved 1097728K
  class space    used 4519K, committed 4864K, reserved 1048576K
}
Event: 545.005 GC heap after
{Heap after GC invocations=408 (full 323):
 PSYoungGen      total 42496K, used 33791K [0x00000000f5580000, 0x00000000f9280000, 0x0000000100000000)
  eden space 33792K, 99% used [0x00000000f5580000,0x00000000f767fff0,0x00000000f7680000)
  from space 8704K, 0% used [0x00000000f8a00000,0x00000000f8a00000,0x00000000f9280000)
  to   space 13312K, 0% used [0x00000000f7a80000,0x00000000f7a80000,0x00000000f8780000)
 ParOldGen       total 349696K, used 349694K [0x00000000e0000000, 0x00000000f5580000, 0x00000000f5580000)
  object space 349696K, 99% used [0x00000000e0000000,0x00000000f557fa28,0x00000000f5580000)
 Metaspace       used 46281K, committed 47104K, reserved 1097728K
  class space    used 4519K, committed 4864K, reserved 1048576K
}
Event: 545.006 GC heap before
{Heap before GC invocations=409 (full 324):
 PSYoungGen      total 42496K, used 33792K [0x00000000f5580000, 0x00000000f9280000, 0x0000000100000000)
  eden space 33792K, 100% used [0x00000000f5580000,0x00000000f7680000,0x00000000f7680000)
  from space 8704K, 0% used [0x00000000f8a00000,0x00000000f8a00000,0x00000000f9280000)
  to   space 13312K, 0% used [0x00000000f7a80000,0x00000000f7a80000,0x00000000f8780000)
 ParOldGen       total 349696K, used 349695K [0x00000000e0000000, 0x00000000f5580000, 0x00000000f5580000)
  object space 349696K, 99% used [0x00000000e0000000,0x00000000f557fcc0,0x00000000f5580000)
 Metaspace       used 46281K, committed 47104K, reserved 1097728K
  class space    used 4519K, committed 4864K, reserved 1048576K
}
Event: 546.757 GC heap after
{Heap after GC invocations=409 (full 324):
 PSYoungGen      total 47104K, used 33791K [0x00000000f5580000, 0x00000000f9280000, 0x0000000100000000)
  eden space 33792K, 99% used [0x00000000f5580000,0x00000000f767ffe8,0x00000000f7680000)
  from space 13312K, 0% used [0x00000000f7a80000,0x00000000f7a80000,0x00000000f8780000)
  to   space 8704K, 0% used [0x00000000f8a00000,0x00000000f8a00000,0x00000000f9280000)
 ParOldGen       total 349696K, used 349695K [0x00000000e0000000, 0x00000000f5580000, 0x00000000f5580000)
  object space 349696K, 99% used [0x00000000e0000000,0x00000000f557fcc0,0x00000000f5580000)
 Metaspace       used 46281K, committed 47104K, reserved 1097728K
  class space    used 4519K, committed 4864K, reserved 1048576K
}
Event: 546.757 GC heap before
{Heap before GC invocations=410 (full 325):
 PSYoungGen      total 47104K, used 33791K [0x00000000f5580000, 0x00000000f9280000, 0x0000000100000000)
  eden space 33792K, 99% used [0x00000000f5580000,0x00000000f767ffe8,0x00000000f7680000)
  from space 13312K, 0% used [0x00000000f7a80000,0x00000000f7a80000,0x00000000f8780000)
  to   space 8704K, 0% used [0x00000000f8a00000,0x00000000f8a00000,0x00000000f9280000)
 ParOldGen       total 349696K, used 349695K [0x00000000e0000000, 0x00000000f5580000, 0x00000000f5580000)
  object space 349696K, 99% used [0x00000000e0000000,0x00000000f557fcc0,0x00000000f5580000)
 Metaspace       used 46281K, committed 47104K, reserved 1097728K
  class space    used 4519K, committed 4864K, reserved 1048576K
}
Event: 548.164 GC heap after
{Heap after GC invocations=410 (full 325):
 PSYoungGen      total 42496K, used 33791K [0x00000000f5580000, 0x00000000f9280000, 0x0000000100000000)
  eden space 33792K, 99% used [0x00000000f5580000,0x00000000f767ffe8,0x00000000f7680000)
  from space 8704K, 0% used [0x00000000f8a00000,0x00000000f8a00000,0x00000000f9280000)
  to   space 13312K, 0% used [0x00000000f7a80000,0x00000000f7a80000,0x00000000f8780000)
 ParOldGen       total 349696K, used 349695K [0x00000000e0000000, 0x00000000f5580000, 0x00000000f5580000)
  object space 349696K, 99% used [0x00000000e0000000,0x00000000f557fcc0,0x00000000f5580000)
 Metaspace       used 46281K, committed 47104K, reserved 1097728K
  class space    used 4519K, committed 4864K, reserved 1048576K
}

